<?xml version="1.0" encoding="UTF-8"?>
<!-- Generated by org.testng.reporters.JUnitXMLReporter -->
<testsuite hostname="DESKTOP-5EESGLJ" ignored="0" name="Default test" tests="3" failures="0" timestamp="10 Nov 2017 03:34:21 GMT" time="1.337" errors="0">
  <testcase name="testLogin" time="0.008" classname="com.hybridframework.homepage.TestDataDrivenScript"/>
  <testcase name="testLogin" time="0.007" classname="com.hybridframework.homepage.TestDataDrivenScript"/>
  <testcase name="testLogin" time="0.01" classname="com.hybridframework.homepage.TestDataDrivenScript"/>
</testsuite> <!-- Default test -->
